2023-07-03 20:53:50,363 - DEBUG - Successfully: (1)loaded JSON file  (2)connected to database  (3)created cursor
2023-07-03 20:53:50,363 - INFO - Successfully created 2 tables in the database
2023-07-03 21:05:18,667 - DEBUG - Successfully: (1)loaded JSON file  (2)connected to database  (3)created cursor
2023-07-03 21:05:18,681 - INFO - Successfully created 2 tables in the database
2023-07-03 21:06:38,221 - DEBUG - Successfully: (1)loaded JSON file  (2)connected to database  (3)created cursor
2023-07-03 21:06:38,234 - INFO - Successfully created 2 tables in the database
2023-07-03 21:06:38,243 - CRITICAL - Successfully loaded the data to the tables, and closed connection to the database
2023-07-03 21:07:46,469 - DEBUG - Successfully: (1)loaded JSON file  (2)connected to database  (3)created cursor
2023-07-03 21:07:46,470 - INFO - Successfully created 2 tables in the database
2023-07-03 21:08:03,197 - DEBUG - Successfully: (1)loaded JSON file  (2)connected to database  (3)created cursor
2023-07-03 21:08:03,209 - INFO - Successfully created 2 tables in the database
2023-07-03 21:08:03,221 - CRITICAL - Successfully loaded the data to the tables, and closed connection to the database
2023-07-03 21:22:39,477 - DEBUG - Successfully: (1)loaded JSON file  (2)connected to database  (3)created cursor
2023-07-03 21:22:39,493 - INFO - Successfully created 2 tables in the database
2023-07-03 21:22:39,500 - CRITICAL - Successfully loaded the data to the tables, and closed connection to the database
2023-07-03 21:22:39,502 - CRITICAL - Successfully reopened the db, completed INNER JOIN, printed results, and closed connection
2023-07-03 21:24:04,402 - DEBUG - Successfully: (1)loaded JSON file  (2)connected to database  (3)created cursor
2023-07-03 21:24:04,411 - INFO - Successfully created 2 tables in the database
2023-07-03 21:24:04,416 - CRITICAL - Successfully loaded the data to the tables, and closed connection to the database
2023-07-03 21:24:04,417 - CRITICAL - Successfully reopened the db, completed INNER JOIN, printed results, and closed connection
2023-07-03 21:31:44,894 - DEBUG - Successfully: (1)loaded JSON file  (2)connected to database  (3)created cursor
2023-07-03 21:31:44,908 - INFO - Successfully created 2 tables in the database
2023-07-03 21:31:44,913 - CRITICAL - Successfully loaded the data to the tables, and closed connection to the database
2023-07-03 21:31:44,915 - CRITICAL - Successfully reopened the db, completed INNER JOIN, printed results, and closed connection
2023-07-03 21:32:34,595 - DEBUG - Successfully: (1)loaded JSON file  (2)connected to database  (3)created cursor
2023-07-03 21:32:34,606 - INFO - Successfully created 2 tables in the database
2023-07-03 21:32:34,612 - CRITICAL - Successfully loaded the data to the tables, and closed connection to the database
2023-07-03 21:32:34,614 - CRITICAL - Successfully reopened the db, completed INNER JOIN, printed results, and closed connection
2023-07-03 21:33:32,335 - DEBUG - Successfully: (1)loaded JSON file  (2)connected to database  (3)created cursor
2023-07-03 21:33:32,336 - INFO - Successfully created 2 tables in the database
2023-07-03 21:33:41,420 - DEBUG - Successfully: (1)loaded JSON file  (2)connected to database  (3)created cursor
2023-07-03 21:33:41,434 - INFO - Successfully created 2 tables in the database
2023-07-03 21:33:41,439 - CRITICAL - Successfully loaded the data to the tables, and closed connection to the database
2023-07-03 21:33:41,440 - CRITICAL - Successfully reopened the db, completed INNER JOIN, printed results, and closed connection
2023-07-03 21:34:48,576 - DEBUG - Successfully: (1)loaded JSON file  (2)connected to database  (3)created cursor
2023-07-03 21:34:48,588 - INFO - Successfully created 2 tables in the database
2023-07-03 21:34:48,592 - DEBUG - Successfully loaded the data to the tables, and closed connection to the database
2023-07-03 21:34:48,594 - DEBUG - Successfully reopened the db, completed INNER JOIN, printed results, and closed connection
2023-07-03 21:40:49,598 - DEBUG - Successfully: (1)loaded JSON file  (2)connected to database  (3)created cursor
2023-07-03 21:40:49,612 - INFO - Successfully created 2 tables in the database
2023-07-03 21:40:49,617 - DEBUG - Successfully loaded the data to the tables, and closed connection to the database
2023-07-03 21:40:49,619 - DEBUG - Successfully reopened the db, completed INNER JOIN, printed results, and closed connection
2023-07-03 21:42:33,996 - DEBUG - Successfully: (1)loaded JSON file  (2)connected to database  (3)created cursor
2023-07-03 21:42:34,010 - INFO - Successfully created 2 tables in the database
2023-07-03 21:42:34,016 - DEBUG - Successfully loaded the data to the tables, and closed connection to the database
2023-07-03 21:42:34,018 - DEBUG - Successfully reopened the db, completed INNER JOIN, printed results, and closed connection
2023-07-03 21:43:44,510 - DEBUG - Successfully: (1)loaded JSON file  (2)connected to database  (3)created cursor
2023-07-03 21:43:44,524 - INFO - Successfully created 2 tables in the database
2023-07-03 21:43:44,530 - DEBUG - Successfully loaded the data to the tables, and closed connection to the database
2023-07-03 21:43:44,532 - DEBUG - Successfully reopened the db, completed INNER JOIN, printed results, and closed connection
